<?xml version="1.0" encoding="UTF-8"?>
<testng-results ignored="0" total="1" passed="1" failed="0" skipped="0">
  <reporter-output>
  </reporter-output>
  <suite started-at="2024-06-01T22:17:14 IST" name="Single" finished-at="2024-06-01T22:17:25 IST" duration-ms="10697">
    <groups>
      <group name="cucumber">
        <method signature="AbstractTestNGCucumberTests.runScenario(io.cucumber.testng.PickleWrapper,io.cucumber.testng.FeatureWrapper)[pri:0, instance:setup.TestRunner2@2a65fe7c]" name="runScenario" class="io.cucumber.testng.AbstractTestNGCucumberTests"/>
      </group> <!-- cucumber -->
    </groups>
    <test started-at="2024-06-01T22:17:14 IST" name="SingleTest" finished-at="2024-06-01T22:17:25 IST" duration-ms="10697">
      <class name="setup.TestRunner2">
        <test-method is-config="true" signature="setUpClass(org.testng.ITestContext)[pri:0, instance:setup.TestRunner2@2a65fe7c]" started-at="2024-06-01T22:17:14 IST" name="setUpClass" finished-at="2024-06-01T22:17:14 IST" duration-ms="186" status="PASS">
          <params>
            <param index="0">
              <value>
                <![CDATA[org.testng.TestRunner@176f7f3b]]>
              </value>
            </param>
          </params>
          <reporter-output>
          </reporter-output>
        </test-method> <!-- setUpClass -->
        <test-method signature="runScenario(io.cucumber.testng.PickleWrapper,io.cucumber.testng.FeatureWrapper)[pri:0, instance:setup.TestRunner2@2a65fe7c]" started-at="2024-06-01T22:17:14 IST" name="runScenario" description="Runs Cucumber Scenarios" data-provider="scenarios" finished-at="2024-06-01T22:17:25 IST" duration-ms="10464" status="PASS">
          <params>
            <param index="0">
              <value>
                <![CDATA["I want to add a product in cart"]]>
              </value>
            </param>
            <param index="1">
              <value>
                <![CDATA["product feature testing"]]>
              </value>
            </param>
          </params>
          <reporter-output>
          </reporter-output>
        </test-method> <!-- runScenario -->
        <test-method is-config="true" signature="tearDownClass()[pri:0, instance:setup.TestRunner2@2a65fe7c]" started-at="2024-06-01T22:17:25 IST" name="tearDownClass" finished-at="2024-06-01T22:17:25 IST" duration-ms="4" status="PASS">
          <reporter-output>
          </reporter-output>
        </test-method> <!-- tearDownClass -->
      </class> <!-- setup.TestRunner2 -->
    </test> <!-- SingleTest -->
  </suite> <!-- Single -->
</testng-results>
